<?xml version="1.0" encoding="UTF-8"?>
<testng-results ignored="0" total="2" passed="2" failed="0" skipped="0">
  <reporter-output>
  </reporter-output>
  <suite started-at="2019-03-06T18:25:59Z" name="Default suite" finished-at="2019-03-06T18:26:15Z" duration-ms="16140">
    <groups>
    </groups>
    <test started-at="2019-03-06T18:25:59Z" name="Default test" finished-at="2019-03-06T18:26:15Z" duration-ms="16140">
      <class name="com.Test.FacebookTest">
        <test-method is-config="true" signature="setUp()[pri:0, instance:com.Test.FacebookTest@6f4a47c7]" started-at="2019-03-06T18:25:59Z" name="setUp" finished-at="2019-03-06T18:26:09Z" duration-ms="9378" status="PASS">
          <reporter-output>
          </reporter-output>
        </test-method> <!-- setUp -->
        <test-method signature="facebookTitle()[pri:0, instance:com.Test.FacebookTest@6f4a47c7]" started-at="2019-03-06T18:26:09Z" name="facebookTitle" finished-at="2019-03-06T18:26:09Z" duration-ms="480" status="PASS">
          <reporter-output>
          </reporter-output>
        </test-method> <!-- facebookTitle -->
        <test-method is-config="true" signature="tearDown()[pri:0, instance:com.Test.FacebookTest@6f4a47c7]" started-at="2019-03-06T18:26:09Z" name="tearDown" finished-at="2019-03-06T18:26:10Z" duration-ms="642" status="PASS">
          <reporter-output>
          </reporter-output>
        </test-method> <!-- tearDown -->
        <test-method is-config="true" signature="setUp()[pri:0, instance:com.Test.FacebookTest@6f4a47c7]" started-at="2019-03-06T18:26:10Z" name="setUp" finished-at="2019-03-06T18:26:14Z" duration-ms="4596" status="PASS">
          <reporter-output>
          </reporter-output>
        </test-method> <!-- setUp -->
        <test-method signature="signUpLinkTest()[pri:1, instance:com.Test.FacebookTest@6f4a47c7]" started-at="2019-03-06T18:26:14Z" name="signUpLinkTest" finished-at="2019-03-06T18:26:15Z" duration-ms="355" status="PASS">
          <reporter-output>
          </reporter-output>
        </test-method> <!-- signUpLinkTest -->
        <test-method is-config="true" signature="tearDown()[pri:0, instance:com.Test.FacebookTest@6f4a47c7]" started-at="2019-03-06T18:26:15Z" name="tearDown" finished-at="2019-03-06T18:26:15Z" duration-ms="659" status="PASS">
          <reporter-output>
          </reporter-output>
        </test-method> <!-- tearDown -->
      </class> <!-- com.Test.FacebookTest -->
    </test> <!-- Default test -->
  </suite> <!-- Default suite -->
</testng-results>
